c:\users\denis\desktop\incercare noua\irektkit\release\vc141.pdb
c:\users\denis\desktop\incercare noua\irektkit\release\ivpanel.obj
c:\users\denis\desktop\incercare noua\irektkit\release\ivmodelrender.obj
c:\users\denis\desktop\incercare noua\irektkit\release\isurface.obj
c:\users\denis\desktop\incercare noua\irektkit\release\iphysicssurfaceprops.obj
c:\users\denis\desktop\incercare noua\irektkit\release\imaterialsystem.obj
c:\users\denis\desktop\incercare noua\irektkit\release\iinputsystem.obj
c:\users\denis\desktop\incercare noua\irektkit\release\ibaseclientdll.obj
c:\users\denis\desktop\incercare noua\irektkit\release\interfaces.obj
c:\users\denis\desktop\incercare noua\irektkit\release\input.obj
c:\users\denis\desktop\incercare noua\irektkit\release\entity.obj
c:\users\denis\desktop\incercare noua\irektkit\release\draw.obj
c:\users\denis\desktop\incercare noua\irektkit\release\convar.obj
c:\users\denis\desktop\incercare noua\irektkit\release\recvprop.obj
c:\users\denis\desktop\incercare noua\irektkit\release\lagcompensation.obj
c:\users\denis\desktop\incercare noua\irektkit\release\imgui_draw.obj
c:\users\denis\desktop\incercare noua\irektkit\release\imgui.obj
c:\users\denis\desktop\incercare noua\irektkit\release\imgui_dx9.obj
c:\users\denis\desktop\incercare noua\irektkit\release\wndproc.obj
c:\users\denis\desktop\incercare noua\irektkit\release\endscene.obj
c:\users\denis\desktop\incercare noua\irektkit\release\drawmodelexecute.obj
c:\users\denis\desktop\incercare noua\irektkit\release\thirdperson.obj
c:\users\denis\desktop\incercare noua\irektkit\release\report.obj
c:\users\denis\desktop\incercare noua\irektkit\release\skinparsing.obj
c:\users\denis\desktop\incercare noua\irektkit\release\skinchanger.obj
c:\users\denis\desktop\incercare noua\irektkit\release\util.obj
c:\users\denis\desktop\incercare noua\irektkit\release\offsets.obj
c:\users\denis\desktop\incercare noua\irektkit\release\global.obj
c:\users\denis\desktop\incercare noua\irektkit\release\config.obj
c:\users\denis\desktop\incercare noua\irektkit\release\netvarmanager.obj
c:\users\denis\desktop\incercare noua\irektkit\release\math.obj
c:\users\denis\desktop\incercare noua\irektkit\release\visuals.obj
c:\users\denis\desktop\incercare noua\irektkit\release\legitbot.obj
c:\users\denis\desktop\incercare noua\irektkit\release\antiaim.obj
c:\users\denis\desktop\incercare noua\irektkit\release\applyknife.obj
c:\users\denis\desktop\incercare noua\irektkit\release\asus.obj
c:\users\denis\desktop\incercare noua\irektkit\release\autowall.obj
c:\users\denis\desktop\incercare noua\irektkit\release\clantagchanger.obj
c:\users\denis\desktop\incercare noua\irektkit\release\createmove.obj
c:\users\denis\desktop\incercare noua\irektkit\release\dllmain.obj
c:\users\denis\desktop\incercare noua\irektkit\release\fakelag.obj
c:\users\denis\desktop\incercare noua\irektkit\release\framestagenotify.obj
c:\users\denis\desktop\incercare noua\irektkit\release\miscellaneous.obj
c:\users\denis\desktop\incercare noua\irektkit\release\namechanger.obj
c:\users\denis\desktop\incercare noua\irektkit\release\overrideview.obj
c:\users\denis\desktop\incercare noua\irektkit\release\painttraverse.obj
c:\users\denis\desktop\incercare noua\irektkit\release\playsound.obj
c:\users\denis\desktop\incercare noua\irektkit\release\predictionsystem.obj
c:\users\denis\desktop\incercare noua\irektkit\release\ragebot.obj
c:\users\denis\desktop\incercare noua\irektkit\release\picoloware.tlog\cl.command.1.tlog
c:\users\denis\desktop\incercare noua\irektkit\release\picoloware.tlog\cl.read.1.tlog
c:\users\denis\desktop\incercare noua\irektkit\release\picoloware.tlog\cl.write.1.tlog
c:\users\denis\desktop\incercare noua\irektkit\release\picoloware.tlog\link.command.1.tlog
c:\users\denis\desktop\incercare noua\irektkit\release\picoloware.tlog\link.read.1.tlog
c:\users\denis\desktop\incercare noua\irektkit\release\picoloware.tlog\link.write.1.tlog
