C:\Program Files (x86)\Microsoft Visual Studio\2017\Community\Common7\IDE\VC\VCTargets\Microsoft.CppBuild.targets(387,5): warning MSB8028: The intermediate directory (Release\) contains files shared from another project (MorphRecode.vcxproj).  This can lead to incorrect clean and rebuild behavior.
  AntiAim.cpp
  Visuals.cpp
  ConVar.cpp
  Draw.cpp
  Entity.cpp
  Input.cpp
  Interfaces.cpp
  IBaseClientDLL.cpp
  IInputSystem.cpp
  IMaterialSystem.cpp
  IPhysicsSurfaceProps.cpp
  ISurface.cpp
  IVModelRender.cpp
  IVPanel.cpp
  Math.cpp
  NetVarManager.cpp
  Config.cpp
  Global.cpp
  Offsets.cpp
  Util.cpp
  Compiling...
  SkinChanger.cpp
  SkinParsing.cpp
  applyknife.cpp
  report.cpp
  thirdperson.cpp
  Generating code
  Finished generating code
  iRektKit.vcxproj -> C:\Users\DENIS\Desktop\INCERCARE NOUA\Release\cheat.dll
